<?xml version="1.0" encoding="UTF-8"?>
<!-- Generated by org.testng.reporters.JUnitReportReporter -->
<testsuite skipped="0" hostname="AQMIT-DSK-10159" name="tests.Ecommerce_tc_4" tests="1" failures="0" timestamp="21 Apr 2022 07:02:11 GMT" time="33.676" errors="0">
  <testcase name="totalValidation" time="33.676" classname="tests.Ecommerce_tc_4"/>
</testsuite> <!-- tests.Ecommerce_tc_4 -->
