<?xml version="1.0" encoding="UTF-8"?>
<!-- Generated by org.testng.reporters.JUnitReportReporter -->
<testsuite skipped="0" hostname="AQMIT-DSK-10159" name="tests.ApiDemoTest" tests="2" failures="0" timestamp="21 Apr 2022 11:09:10 GMT" time="42.811" errors="0">
  <testcase name="apiDemo" time="21.437" classname="tests.ApiDemoTest"/>
  <testcase name="apiDemo" time="21.374" classname="tests.ApiDemoTest"/>
</testsuite> <!-- tests.ApiDemoTest -->
